<?xml version="1.0" encoding="UTF-8"?>
<!-- Generated by org.testng.reporters.JUnitReportReporter -->
<testsuite hostname="LAPTOP-HMUQMM4S" failures="0" tests="1" name="com.gcr.scripts.Test_Login_Logout" time="11.710" errors="0" timestamp="2020-05-17T21:06:56 EDT" skipped="0">
  <testcase classname="com.gcr.scripts.Test_Login_Logout" name="login_logout" time="11.710"/>
  <system-out/>
</testsuite> <!-- com.gcr.scripts.Test_Login_Logout -->
