<?xml version="1.0" encoding="UTF-8"?>
<!-- Generated by org.testng.reporters.JUnitReportReporter -->
<testsuite skipped="0" hostname="User-PC" name="config.StartBrowser" tests="1" failures="0" timestamp="2020-01-26T08:04:06 IST" time="1.968" errors="0">
  <testcase name="sample" time="1.968" classname="config.StartBrowser"/>
  <system-out/>
</testsuite> <!-- config.StartBrowser -->
