<?xml version="1.0" encoding="UTF-8"?>
<!-- Generated by org.testng.reporters.JUnitReportReporter -->
<testsuite skipped="0" hostname="User-PC" name="com.gcr.scripts.Login_Logout" tests="1" failures="0" timestamp="2020-01-26T10:04:23 IST" time="17.696" errors="0">
  <testcase name="testLogin_Logout" time="17.696" classname="com.gcr.scripts.Login_Logout"/>
  <system-out/>
</testsuite> <!-- com.gcr.scripts.Login_Logout -->
