<?xml version="1.0" encoding="UTF-8"?>
<!-- Generated by org.testng.reporters.JUnitReportReporter -->
<testsuite skipped="0" hostname="User-PC" name="com.gcr.scripts.Login" tests="1" failures="0" timestamp="2020-02-02T07:25:51 IST" time="13.563" errors="0">
  <testcase name="testLogin" time="13.563" classname="com.gcr.scripts.Login"/>
  <system-out/>
</testsuite> <!-- com.gcr.scripts.Login -->
